The following modules were not unloaded:
  (Use "module --force purge" to unload all):

  1) slurm/23.11.6
Running benchmark with 1 processes
Testing 50x50 with 20 iterations on 1 processes
[Rank 0] Entering initdat with nmax=50
[Rank 0] Broadcasting initial lattice
[Rank 0] Completed initdat
[Rank 0] Starting MC_step with T=0.5
[Rank 0] My chunk: 0 to 50
[Rank 0] Using random seed: 3572277056
[Rank 0] Starting 2500 attempts
[Rank 0] Completed local moves
[Rank 0] Gathering acceptance counts
[Rank 0] Synchronizing lattice
[Rank 0] Broadcasting final results
[Rank 0] Completed MC_step
[Rank 0] Starting MC_step with T=0.5
[Rank 0] My chunk: 0 to 50
[Rank 0] Using random seed: 3572277092
[Rank 0] Starting 2500 attempts
[Rank 0] Completed local moves
[Rank 0] Gathering acceptance counts
[Rank 0] Synchronizing lattice
[Rank 0] Broadcasting final results
[Rank 0] Completed MC_step
[Rank 0] Starting MC_step with T=0.5
[Rank 0] My chunk: 0 to 50
[Rank 0] Using random seed: 3572277128
[Rank 0] Starting 2500 attempts
[Rank 0] Completed local moves
[Rank 0] Gathering acceptance counts
[Rank 0] Synchronizing lattice
[Rank 0] Broadcasting final results
[Rank 0] Completed MC_step
[Rank 0] Starting MC_step with T=0.5
[Rank 0] My chunk: 0 to 50
[Rank 0] Using random seed: 3572277164
[Rank 0] Starting 2500 attempts
[Rank 0] Completed local moves
[Rank 0] Gathering acceptance counts
[Rank 0] Synchronizing lattice
[Rank 0] Broadcasting final results
[Rank 0] Completed MC_step
[Rank 0] Starting MC_step with T=0.5
[Rank 0] My chunk: 0 to 50
[Rank 0] Using random seed: 3572277199
[Rank 0] Starting 2500 attempts
[Rank 0] Completed local moves
[Rank 0] Gathering acceptance counts
[Rank 0] Synchronizing lattice
[Rank 0] Broadcasting final results
[Rank 0] Completed MC_step
[Rank 0] Starting MC_step with T=0.5
[Rank 0] My chunk: 0 to 50
[Rank 0] Using random seed: 3572277235
[Rank 0] Starting 2500 attempts
[Rank 0] Completed local moves
[Rank 0] Gathering acceptance counts
[Rank 0] Synchronizing lattice
[Rank 0] Broadcasting final results
[Rank 0] Completed MC_step
[Rank 0] Starting MC_step with T=0.5
[Rank 0] My chunk: 0 to 50
[Rank 0] Using random seed: 3572277270
[Rank 0] Starting 2500 attempts
[Rank 0] Completed local moves
[Rank 0] Gathering acceptance counts
[Rank 0] Synchronizing lattice
[Rank 0] Broadcasting final results
[Rank 0] Completed MC_step
[Rank 0] Starting MC_step with T=0.5
[Rank 0] My chunk: 0 to 50
[Rank 0] Using random seed: 3572277306
[Rank 0] Starting 2500 attempts
[Rank 0] Completed local moves
[Rank 0] Gathering acceptance counts
[Rank 0] Synchronizing lattice
[Rank 0] Broadcasting final results
[Rank 0] Completed MC_step
[Rank 0] Starting MC_step with T=0.5
[Rank 0] My chunk: 0 to 50
[Rank 0] Using random seed: 3572277342
[Rank 0] Starting 2500 attempts
[Rank 0] Completed local moves
[Rank 0] Gathering acceptance counts
[Rank 0] Synchronizing lattice
[Rank 0] Broadcasting final results
[Rank 0] Completed MC_step
[Rank 0] Starting MC_step with T=0.5
[Rank 0] My chunk: 0 to 50
[Rank 0] Using random seed: 3572277377
[Rank 0] Starting 2500 attempts
[Rank 0] Completed local moves
[Rank 0] Gathering acceptance counts
[Rank 0] Synchronizing lattice
[Rank 0] Broadcasting final results
[Rank 0] Completed MC_step
[Rank 0] Starting MC_step with T=0.5
[Rank 0] My chunk: 0 to 50
[Rank 0] Using random seed: 3572277413
[Rank 0] Starting 2500 attempts
[Rank 0] Completed local moves
[Rank 0] Gathering acceptance counts
[Rank 0] Synchronizing lattice
[Rank 0] Broadcasting final results
[Rank 0] Completed MC_step
[Rank 0] Starting MC_step with T=0.5
[Rank 0] My chunk: 0 to 50
[Rank 0] Using random seed: 3572277449
[Rank 0] Starting 2500 attempts
[Rank 0] Completed local moves
[Rank 0] Gathering acceptance counts
[Rank 0] Synchronizing lattice
[Rank 0] Broadcasting final results
[Rank 0] Completed MC_step
[Rank 0] Starting MC_step with T=0.5
[Rank 0] My chunk: 0 to 50
[Rank 0] Using random seed: 3572277486
[Rank 0] Starting 2500 attempts
[Rank 0] Completed local moves
[Rank 0] Gathering acceptance counts
[Rank 0] Synchronizing lattice
[Rank 0] Broadcasting final results
[Rank 0] Completed MC_step
[Rank 0] Starting MC_step with T=0.5
[Rank 0] My chunk: 0 to 50
[Rank 0] Using random seed: 3572277522
[Rank 0] Starting 2500 attempts
[Rank 0] Completed local moves
[Rank 0] Gathering acceptance counts
[Rank 0] Synchronizing lattice
[Rank 0] Broadcasting final results
[Rank 0] Completed MC_step
[Rank 0] Starting MC_step with T=0.5
[Rank 0] My chunk: 0 to 50
[Rank 0] Using random seed: 3572277558
[Rank 0] Starting 2500 attempts
[Rank 0] Completed local moves
[Rank 0] Gathering acceptance counts
[Rank 0] Synchronizing lattice
[Rank 0] Broadcasting final results
[Rank 0] Completed MC_step
[Rank 0] Starting MC_step with T=0.5
[Rank 0] My chunk: 0 to 50
[Rank 0] Using random seed: 3572277594
[Rank 0] Starting 2500 attempts
[Rank 0] Completed local moves
[Rank 0] Gathering acceptance counts
[Rank 0] Synchronizing lattice
[Rank 0] Broadcasting final results
[Rank 0] Completed MC_step
[Rank 0] Starting MC_step with T=0.5
[Rank 0] My chunk: 0 to 50
[Rank 0] Using random seed: 3572277629
[Rank 0] Starting 2500 attempts
[Rank 0] Completed local moves
[Rank 0] Gathering acceptance counts
[Rank 0] Synchronizing lattice
[Rank 0] Broadcasting final results
[Rank 0] Completed MC_step
[Rank 0] Starting MC_step with T=0.5
[Rank 0] My chunk: 0 to 50
[Rank 0] Using random seed: 3572277666
[Rank 0] Starting 2500 attempts
[Rank 0] Completed local moves
[Rank 0] Gathering acceptance counts
[Rank 0] Synchronizing lattice
[Rank 0] Broadcasting final results
[Rank 0] Completed MC_step
[Rank 0] Starting MC_step with T=0.5
[Rank 0] My chunk: 0 to 50
[Rank 0] Using random seed: 3572277701
[Rank 0] Starting 2500 attempts
[Rank 0] Completed local moves
[Rank 0] Gathering acceptance counts
[Rank 0] Synchronizing lattice
[Rank 0] Broadcasting final results
[Rank 0] Completed MC_step
[Rank 0] Starting MC_step with T=0.5
[Rank 0] My chunk: 0 to 50
[Rank 0] Using random seed: 3572277737
[Rank 0] Starting 2500 attempts
[Rank 0] Completed local moves
[Rank 0] Gathering acceptance counts
[Rank 0] Synchronizing lattice
[Rank 0] Broadcasting final results
[Rank 0] Completed MC_step

Completed 50x50:
Total time: 0.717 seconds
Time per step: 0.036 seconds
Testing 100x100 with 15 iterations on 1 processes
[Rank 0] Entering initdat with nmax=100
[Rank 0] Broadcasting initial lattice
[Rank 0] Completed initdat
[Rank 0] Starting MC_step with T=0.5
[Rank 0] My chunk: 0 to 100
[Rank 0] Using random seed: 3572277776
[Rank 0] Starting 10000 attempts
[Rank 0] Completed local moves
[Rank 0] Gathering acceptance counts
[Rank 0] Synchronizing lattice
[Rank 0] Broadcasting final results
[Rank 0] Completed MC_step
[Rank 0] Starting MC_step with T=0.5
[Rank 0] My chunk: 0 to 100
[Rank 0] Using random seed: 3572277917
[Rank 0] Starting 10000 attempts
[Rank 0] Completed local moves
[Rank 0] Gathering acceptance counts
[Rank 0] Synchronizing lattice
[Rank 0] Broadcasting final results
[Rank 0] Completed MC_step
[Rank 0] Starting MC_step with T=0.5
[Rank 0] My chunk: 0 to 100
[Rank 0] Using random seed: 3572278057
[Rank 0] Starting 10000 attempts
[Rank 0] Completed local moves
[Rank 0] Gathering acceptance counts
[Rank 0] Synchronizing lattice
[Rank 0] Broadcasting final results
[Rank 0] Completed MC_step
[Rank 0] Starting MC_step with T=0.5
[Rank 0] My chunk: 0 to 100
[Rank 0] Using random seed: 3572278199
[Rank 0] Starting 10000 attempts
[Rank 0] Completed local moves
[Rank 0] Gathering acceptance counts
[Rank 0] Synchronizing lattice
[Rank 0] Broadcasting final results
[Rank 0] Completed MC_step
[Rank 0] Starting MC_step with T=0.5
[Rank 0] My chunk: 0 to 100
[Rank 0] Using random seed: 3572278341
[Rank 0] Starting 10000 attempts
[Rank 0] Completed local moves
[Rank 0] Gathering acceptance counts
[Rank 0] Synchronizing lattice
[Rank 0] Broadcasting final results
[Rank 0] Completed MC_step
[Rank 0] Starting MC_step with T=0.5
[Rank 0] My chunk: 0 to 100
[Rank 0] Using random seed: 3572278482
[Rank 0] Starting 10000 attempts
[Rank 0] Completed local moves
[Rank 0] Gathering acceptance counts
[Rank 0] Synchronizing lattice
[Rank 0] Broadcasting final results
[Rank 0] Completed MC_step
[Rank 0] Starting MC_step with T=0.5
[Rank 0] My chunk: 0 to 100
[Rank 0] Using random seed: 3572278623
[Rank 0] Starting 10000 attempts
[Rank 0] Completed local moves
[Rank 0] Gathering acceptance counts
[Rank 0] Synchronizing lattice
[Rank 0] Broadcasting final results
[Rank 0] Completed MC_step
[Rank 0] Starting MC_step with T=0.5
[Rank 0] My chunk: 0 to 100
[Rank 0] Using random seed: 3572278765
[Rank 0] Starting 10000 attempts
[Rank 0] Completed local moves
[Rank 0] Gathering acceptance counts
[Rank 0] Synchronizing lattice
[Rank 0] Broadcasting final results
[Rank 0] Completed MC_step
[Rank 0] Starting MC_step with T=0.5
[Rank 0] My chunk: 0 to 100
[Rank 0] Using random seed: 3572278907
[Rank 0] Starting 10000 attempts
[Rank 0] Completed local moves
[Rank 0] Gathering acceptance counts
[Rank 0] Synchronizing lattice
[Rank 0] Broadcasting final results
[Rank 0] Completed MC_step
[Rank 0] Starting MC_step with T=0.5
[Rank 0] My chunk: 0 to 100
[Rank 0] Using random seed: 3572279050
[Rank 0] Starting 10000 attempts
[Rank 0] Completed local moves
[Rank 0] Gathering acceptance counts
[Rank 0] Synchronizing lattice
[Rank 0] Broadcasting final results
[Rank 0] Completed MC_step
[Rank 0] Starting MC_step with T=0.5
[Rank 0] My chunk: 0 to 100
[Rank 0] Using random seed: 3572279192
[Rank 0] Starting 10000 attempts
[Rank 0] Completed local moves
[Rank 0] Gathering acceptance counts
[Rank 0] Synchronizing lattice
[Rank 0] Broadcasting final results
[Rank 0] Completed MC_step
[Rank 0] Starting MC_step with T=0.5
[Rank 0] My chunk: 0 to 100
[Rank 0] Using random seed: 3572279335
[Rank 0] Starting 10000 attempts
[Rank 0] Completed local moves
[Rank 0] Gathering acceptance counts
[Rank 0] Synchronizing lattice
[Rank 0] Broadcasting final results
[Rank 0] Completed MC_step
[Rank 0] Starting MC_step with T=0.5
[Rank 0] My chunk: 0 to 100
[Rank 0] Using random seed: 3572279478
[Rank 0] Starting 10000 attempts
[Rank 0] Completed local moves
[Rank 0] Gathering acceptance counts
[Rank 0] Synchronizing lattice
[Rank 0] Broadcasting final results
[Rank 0] Completed MC_step
[Rank 0] Starting MC_step with T=0.5
[Rank 0] My chunk: 0 to 100
[Rank 0] Using random seed: 3572279622
[Rank 0] Starting 10000 attempts
[Rank 0] Completed local moves
[Rank 0] Gathering acceptance counts
[Rank 0] Synchronizing lattice
[Rank 0] Broadcasting final results
[Rank 0] Completed MC_step
[Rank 0] Starting MC_step with T=0.5
[Rank 0] My chunk: 0 to 100
[Rank 0] Using random seed: 3572279764
[Rank 0] Starting 10000 attempts
[Rank 0] Completed local moves
[Rank 0] Gathering acceptance counts
[Rank 0] Synchronizing lattice
[Rank 0] Broadcasting final results
[Rank 0] Completed MC_step

Completed 100x100:
Total time: 2.131 seconds
Time per step: 0.142 seconds
Testing 200x200 with 10 iterations on 1 processes
[Rank 0] Entering initdat with nmax=200
[Rank 0] Broadcasting initial lattice
[Rank 0] Completed initdat
[Rank 0] Starting MC_step with T=0.5
[Rank 0] My chunk: 0 to 200
[Rank 0] Using random seed: 3572279909
[Rank 0] Starting 40000 attempts
[Rank 0] Completed local moves
[Rank 0] Gathering acceptance counts
[Rank 0] Synchronizing lattice
[Rank 0] Broadcasting final results
[Rank 0] Completed MC_step
[Rank 0] Starting MC_step with T=0.5
[Rank 0] My chunk: 0 to 200
[Rank 0] Using random seed: 3572280467
[Rank 0] Starting 40000 attempts
[Rank 0] Completed local moves
[Rank 0] Gathering acceptance counts
[Rank 0] Synchronizing lattice
[Rank 0] Broadcasting final results
[Rank 0] Completed MC_step
[Rank 0] Starting MC_step with T=0.5
[Rank 0] My chunk: 0 to 200
[Rank 0] Using random seed: 3572281027
[Rank 0] Starting 40000 attempts
[Rank 0] Completed local moves
[Rank 0] Gathering acceptance counts
[Rank 0] Synchronizing lattice
[Rank 0] Broadcasting final results
[Rank 0] Completed MC_step
[Rank 0] Starting MC_step with T=0.5
[Rank 0] My chunk: 0 to 200
[Rank 0] Using random seed: 3572281592
[Rank 0] Starting 40000 attempts
[Rank 0] Completed local moves
[Rank 0] Gathering acceptance counts
[Rank 0] Synchronizing lattice
[Rank 0] Broadcasting final results
[Rank 0] Completed MC_step
[Rank 0] Starting MC_step with T=0.5
[Rank 0] My chunk: 0 to 200
[Rank 0] Using random seed: 3572282159
[Rank 0] Starting 40000 attempts
[Rank 0] Completed local moves
[Rank 0] Gathering acceptance counts
[Rank 0] Synchronizing lattice
[Rank 0] Broadcasting final results
[Rank 0] Completed MC_step
[Rank 0] Starting MC_step with T=0.5
[Rank 0] My chunk: 0 to 200
[Rank 0] Using random seed: 3572282724
[Rank 0] Starting 40000 attempts
[Rank 0] Completed local moves
[Rank 0] Gathering acceptance counts
[Rank 0] Synchronizing lattice
[Rank 0] Broadcasting final results
[Rank 0] Completed MC_step
[Rank 0] Starting MC_step with T=0.5
[Rank 0] My chunk: 0 to 200
[Rank 0] Using random seed: 3572283291
[Rank 0] Starting 40000 attempts
[Rank 0] Completed local moves
[Rank 0] Gathering acceptance counts
[Rank 0] Synchronizing lattice
[Rank 0] Broadcasting final results
[Rank 0] Completed MC_step
[Rank 0] Starting MC_step with T=0.5
[Rank 0] My chunk: 0 to 200
[Rank 0] Using random seed: 3572283862
[Rank 0] Starting 40000 attempts
[Rank 0] Completed local moves
[Rank 0] Gathering acceptance counts
[Rank 0] Synchronizing lattice
[Rank 0] Broadcasting final results
[Rank 0] Completed MC_step
[Rank 0] Starting MC_step with T=0.5
[Rank 0] My chunk: 0 to 200
[Rank 0] Using random seed: 3572284430
[Rank 0] Starting 40000 attempts
[Rank 0] Completed local moves
[Rank 0] Gathering acceptance counts
[Rank 0] Synchronizing lattice
[Rank 0] Broadcasting final results
[Rank 0] Completed MC_step
[Rank 0] Starting MC_step with T=0.5
[Rank 0] My chunk: 0 to 200
[Rank 0] Using random seed: 3572285000
[Rank 0] Starting 40000 attempts
[Rank 0] Completed local moves
[Rank 0] Gathering acceptance counts
[Rank 0] Synchronizing lattice
[Rank 0] Broadcasting final results
[Rank 0] Completed MC_step

Completed 200x200:
Total time: 5.661 seconds
Time per step: 0.566 seconds
Testing 500x500 with 10 iterations on 1 processes
[Rank 0] Entering initdat with nmax=500
[Rank 0] Broadcasting initial lattice
[Rank 0] Completed initdat
[Rank 0] Starting MC_step with T=0.5
[Rank 0] My chunk: 0 to 500
[Rank 0] Using random seed: 3572285574
[Rank 0] Starting 250000 attempts
[Rank 0] Completed local moves
[Rank 0] Gathering acceptance counts
[Rank 0] Synchronizing lattice
[Rank 0] Broadcasting final results
[Rank 0] Completed MC_step
[Rank 0] Starting MC_step with T=0.5
[Rank 0] My chunk: 0 to 500
[Rank 0] Using random seed: 3572289155
[Rank 0] Starting 250000 attempts
[Rank 0] Completed local moves
[Rank 0] Gathering acceptance counts
[Rank 0] Synchronizing lattice
[Rank 0] Broadcasting final results
[Rank 0] Completed MC_step
[Rank 0] Starting MC_step with T=0.5
[Rank 0] My chunk: 0 to 500
[Rank 0] Using random seed: 3572292783
[Rank 0] Starting 250000 attempts
[Rank 0] Completed local moves
[Rank 0] Gathering acceptance counts
[Rank 0] Synchronizing lattice
[Rank 0] Broadcasting final results
[Rank 0] Completed MC_step
[Rank 0] Starting MC_step with T=0.5
[Rank 0] My chunk: 0 to 500
[Rank 0] Using random seed: 3572296383
[Rank 0] Starting 250000 attempts
[Rank 0] Completed local moves
[Rank 0] Gathering acceptance counts
[Rank 0] Synchronizing lattice
[Rank 0] Broadcasting final results
[Rank 0] Completed MC_step
[Rank 0] Starting MC_step with T=0.5
[Rank 0] My chunk: 0 to 500
[Rank 0] Using random seed: 3572300013
[Rank 0] Starting 250000 attempts
[Rank 0] Completed local moves
[Rank 0] Gathering acceptance counts
[Rank 0] Synchronizing lattice
[Rank 0] Broadcasting final results
[Rank 0] Completed MC_step
[Rank 0] Starting MC_step with T=0.5
[Rank 0] My chunk: 0 to 500
[Rank 0] Using random seed: 3572303644
[Rank 0] Starting 250000 attempts
[Rank 0] Completed local moves
[Rank 0] Gathering acceptance counts
[Rank 0] Synchronizing lattice
[Rank 0] Broadcasting final results
[Rank 0] Completed MC_step
[Rank 0] Starting MC_step with T=0.5
[Rank 0] My chunk: 0 to 500
[Rank 0] Using random seed: 3572307303
[Rank 0] Starting 250000 attempts
[Rank 0] Completed local moves
[Rank 0] Gathering acceptance counts
[Rank 0] Synchronizing lattice
[Rank 0] Broadcasting final results
[Rank 0] Completed MC_step
[Rank 0] Starting MC_step with T=0.5
[Rank 0] My chunk: 0 to 500
[Rank 0] Using random seed: 3572310929
[Rank 0] Starting 250000 attempts
[Rank 0] Completed local moves
[Rank 0] Gathering acceptance counts
[Rank 0] Synchronizing lattice
[Rank 0] Broadcasting final results
[Rank 0] Completed MC_step
[Rank 0] Starting MC_step with T=0.5
[Rank 0] My chunk: 0 to 500
[Rank 0] Using random seed: 3572314590
[Rank 0] Starting 250000 attempts
[Rank 0] Completed local moves
[Rank 0] Gathering acceptance counts
[Rank 0] Synchronizing lattice
[Rank 0] Broadcasting final results
[Rank 0] Completed MC_step
[Rank 0] Starting MC_step with T=0.5
[Rank 0] My chunk: 0 to 500
[Rank 0] Using random seed: 3572318227
[Rank 0] Starting 250000 attempts
[Rank 0] Completed local moves
[Rank 0] Gathering acceptance counts
[Rank 0] Synchronizing lattice
[Rank 0] Broadcasting final results
[Rank 0] Completed MC_step

Completed 500x500:
Total time: 36.276 seconds
Time per step: 3.628 seconds
Testing 1000x1000 with 5 iterations on 1 processes
[Rank 0] Entering initdat with nmax=1000
[Rank 0] Broadcasting initial lattice
[Rank 0] Completed initdat
[Rank 0] Starting MC_step with T=0.5
[Rank 0] My chunk: 0 to 1000
[Rank 0] Using random seed: 3572321866
[Rank 0] Starting 1000000 attempts
[Rank 0] Completed local moves
[Rank 0] Gathering acceptance counts
[Rank 0] Synchronizing lattice
[Rank 0] Broadcasting final results
[Rank 0] Completed MC_step
[Rank 0] Starting MC_step with T=0.5
[Rank 0] My chunk: 0 to 1000
[Rank 0] Using random seed: 3572336321
[Rank 0] Starting 1000000 attempts
[Rank 0] Completed local moves
[Rank 0] Gathering acceptance counts
[Rank 0] Synchronizing lattice
[Rank 0] Broadcasting final results
[Rank 0] Completed MC_step
[Rank 0] Starting MC_step with T=0.5
[Rank 0] My chunk: 0 to 1000
[Rank 0] Using random seed: 3572350822
[Rank 0] Starting 1000000 attempts
[Rank 0] Completed local moves
[Rank 0] Gathering acceptance counts
[Rank 0] Synchronizing lattice
[Rank 0] Broadcasting final results
[Rank 0] Completed MC_step
[Rank 0] Starting MC_step with T=0.5
[Rank 0] My chunk: 0 to 1000
[Rank 0] Using random seed: 3572365346
[Rank 0] Starting 1000000 attempts
[Rank 0] Completed local moves
[Rank 0] Gathering acceptance counts
[Rank 0] Synchronizing lattice
[Rank 0] Broadcasting final results
[Rank 0] Completed MC_step
[Rank 0] Starting MC_step with T=0.5
[Rank 0] My chunk: 0 to 1000
[Rank 0] Using random seed: 3572379954
[Rank 0] Starting 1000000 attempts
[Rank 0] Completed local moves
[Rank 0] Gathering acceptance counts
[Rank 0] Synchronizing lattice
[Rank 0] Broadcasting final results
[Rank 0] Completed MC_step

Completed 1000x1000:
Total time: 72.730 seconds
Time per step: 14.546 seconds
Testing 2000x2000 with 3 iterations on 1 processes
[Rank 0] Entering initdat with nmax=2000
[Rank 0] Broadcasting initial lattice
[Rank 0] Completed initdat
[Rank 0] Starting MC_step with T=0.5
[Rank 0] My chunk: 0 to 2000
[Rank 0] Using random seed: 3572394675
[Rank 0] Starting 4000000 attempts
[Rank 0] Completed local moves
[Rank 0] Gathering acceptance counts
[Rank 0] Synchronizing lattice
[Rank 0] Broadcasting final results
[Rank 0] Completed MC_step
[Rank 0] Starting MC_step with T=0.5
[Rank 0] My chunk: 0 to 2000
[Rank 0] Using random seed: 3572452761
[Rank 0] Starting 4000000 attempts
