Current directory: /user/home/tw21284/BCmpi
Directory contents:
total 35
-rw-r--r--. 1 tw21284 fs23 5779 Oct 27 12:49 LebwohlLasher_mpi.py
drwxr-xr-x  2 tw21284 fs23 4096 Oct 27 12:57 benchmark_results
-rw-r--r--. 1 tw21284 fs23 1104 Oct 27 12:59 lebwohl_lasher_benchmark.sh
-rw-r--r--. 1 tw21284 fs23 3131 Oct 27 12:49 ll_benchmark_hpc.py
-rw-r--r--. 1 tw21284 fs23 5019 Oct 27 12:49 plot_benchmark_results.py
-rw-r--r--  1 tw21284 fs23 1007 Oct 27 12:57 slurm-10636882.out
-rw-r--r--  1 tw21284 fs23   64 Oct 27 12:59 slurm-10636883.out
The following modules were not unloaded:
  (Use "module --force purge" to unload all):

  1) slurm/23.11.6
Lmod has detected the following error: The following module(s) are unknown:
"languages/python/3.10"

Please check the spelling or version number. Also try "module spider ..."
It is also possible your cache file is out-of-date; it may help to try:
  $ module --ignore_cache load "languages/python/3.10"

Also make sure that all modulefiles written in TCL start with the string
#%Module



/usr/bin/which: no python in (/system/steel-stack/slurm/23.11.6/bin:/user/home/tw21284/.vscode-server/cli/servers/Stable-384ff7382de624fb94dbaf6da11977bba1ecd427/server/bin/remote-cli:/usr/local/bin:/usr/bin:/usr/local/sbin:/usr/sbin:/usr/lpp/mmfs/bin:/user/home/tw21284/.local/bin:/user/home/tw21284/bin)
Python path: 
/tmp/slurmd/job10636883/slurm_script: line 24: python: command not found
Python version: 
SLURM directory: /user/home/tw21284/BCmpi
Directory contents after cd:
total 35
-rw-r--r--. 1 tw21284 fs23 5779 Oct 27 12:49 LebwohlLasher_mpi.py
drwxr-xr-x  2 tw21284 fs23 4096 Oct 27 12:57 benchmark_results
-rw-r--r--. 1 tw21284 fs23 1104 Oct 27 12:59 lebwohl_lasher_benchmark.sh
-rw-r--r--. 1 tw21284 fs23 3131 Oct 27 12:49 ll_benchmark_hpc.py
-rw-r--r--. 1 tw21284 fs23 5019 Oct 27 12:49 plot_benchmark_results.py
-rw-r--r--  1 tw21284 fs23 1007 Oct 27 12:57 slurm-10636882.out
-rw-r--r--  1 tw21284 fs23 1515 Oct 27 12:59 slurm-10636883.out
Python scripts in directory:
-rw-r--r--. 1 tw21284 fs23 5779 Oct 27 12:49 LebwohlLasher_mpi.py
-rw-r--r--. 1 tw21284 fs23 3131 Oct 27 12:49 ll_benchmark_hpc.py
-rw-r--r--. 1 tw21284 fs23 5019 Oct 27 12:49 plot_benchmark_results.py
Running benchmark with 1 processes
/tmp/slurmd/job10636883/slurm_script: line 42: mpiexec: command not found
Running benchmark with 2 processes
/tmp/slurmd/job10636883/slurm_script: line 42: mpiexec: command not found
Running benchmark with 4 processes
/tmp/slurmd/job10636883/slurm_script: line 42: mpiexec: command not found
Running benchmark with 8 processes
/tmp/slurmd/job10636883/slurm_script: line 42: mpiexec: command not found
Running benchmark with 16 processes
/tmp/slurmd/job10636883/slurm_script: line 42: mpiexec: command not found
/tmp/slurmd/job10636883/slurm_script: line 46: python: command not found
